Added Component: Designator=C1(C0805_L)
Add component (AddParameter): Name = "BOM名称"; Value = "无极性贴片电容"; VariantName = "[No Variations]"
Add component (AddParameter): Name = "联系卖家，免费查找封装"; Value = "唯一出售店铺网址https://shop463601444.taobao.com"; VariantName = "[No Variations]"
Added Component: Designator=C2(C0805_L)
Add component (AddParameter): Name = "BOM名称"; Value = "无极性贴片电容"; VariantName = "[No Variations]"
Add component (AddParameter): Name = "联系卖家，免费查找封装"; Value = "唯一出售店铺网址https://shop463601444.taobao.com"; VariantName = "[No Variations]"
Added Component: Designator=C3(C0805_L)
Add component (AddParameter): Name = "BOM名称"; Value = "无极性贴片电容"; VariantName = "[No Variations]"
Add component (AddParameter): Name = "联系卖家，免费查找封装"; Value = "唯一出售店铺网址https://shop463601444.taobao.com"; VariantName = "[No Variations]"
Added Component: Designator=C4(C0805_L)
Add component (AddParameter): Name = "BOM名称"; Value = "无极性贴片电容"; VariantName = "[No Variations]"
Add component (AddParameter): Name = "联系卖家，免费查找封装"; Value = "唯一出售店铺网址https://shop463601444.taobao.com"; VariantName = "[No Variations]"
Added Component: Designator=C5(C0805_L)
Add component (AddParameter): Name = "BOM名称"; Value = "无极性贴片电容"; VariantName = "[No Variations]"
Add component (AddParameter): Name = "联系卖家，免费查找封装"; Value = "唯一出售店铺网址https://shop463601444.taobao.com"; VariantName = "[No Variations]"
Added Component: Designator=C6(C0805_L)
Add component (AddParameter): Name = "BOM名称"; Value = "无极性贴片电容"; VariantName = "[No Variations]"
Add component (AddParameter): Name = "联系卖家，免费查找封装"; Value = "唯一出售店铺网址https://shop463601444.taobao.com"; VariantName = "[No Variations]"
Added Component: Designator=C7(C0805_L)
Add component (AddParameter): Name = "BOM名称"; Value = "无极性贴片电容"; VariantName = "[No Variations]"
Add component (AddParameter): Name = "联系卖家，免费查找封装"; Value = "唯一出售店铺网址https://shop463601444.taobao.com"; VariantName = "[No Variations]"
Added Component: Designator=C8(C0805_L)
Add component (AddParameter): Name = "BOM名称"; Value = "无极性贴片电容"; VariantName = "[No Variations]"
Add component (AddParameter): Name = "联系卖家，免费查找封装"; Value = "唯一出售店铺网址https://shop463601444.taobao.com"; VariantName = "[No Variations]"
Added Component: Designator=C9(C0805_L)
Add component (AddParameter): Name = "BOM名称"; Value = "无极性贴片电容"; VariantName = "[No Variations]"
Add component (AddParameter): Name = "联系卖家，免费查找封装"; Value = "唯一出售店铺网址https://shop463601444.taobao.com"; VariantName = "[No Variations]"
Added Component: Designator=C10(C0805_L)
Add component (AddParameter): Name = "BOM名称"; Value = "无极性贴片电容"; VariantName = "[No Variations]"
Add component (AddParameter): Name = "联系卖家，免费查找封装"; Value = "唯一出售店铺网址https://shop463601444.taobao.com"; VariantName = "[No Variations]"
Added Component: Designator=C11(C0805_L)
Add component (AddParameter): Name = "BOM名称"; Value = "无极性贴片电容"; VariantName = "[No Variations]"
Add component (AddParameter): Name = "联系卖家，免费查找封装"; Value = "唯一出售店铺网址https://shop463601444.taobao.com"; VariantName = "[No Variations]"
Added Component: Designator=C12(C0805_L)
Add component (AddParameter): Name = "BOM名称"; Value = "无极性贴片电容"; VariantName = "[No Variations]"
Add component (AddParameter): Name = "联系卖家，免费查找封装"; Value = "唯一出售店铺网址https://shop463601444.taobao.com"; VariantName = "[No Variations]"
Added Component: Designator=C13(C0805_L)
Add component (AddParameter): Name = "BOM名称"; Value = "无极性贴片电容"; VariantName = "[No Variations]"
Add component (AddParameter): Name = "联系卖家，免费查找封装"; Value = "唯一出售店铺网址https://shop463601444.taobao.com"; VariantName = "[No Variations]"
Added Component: Designator=C14(C0805_L)
Add component (AddParameter): Name = "BOM名称"; Value = "无极性贴片电容"; VariantName = "[No Variations]"
Add component (AddParameter): Name = "联系卖家，免费查找封装"; Value = "唯一出售店铺网址https://shop463601444.taobao.com"; VariantName = "[No Variations]"
Added Component: Designator=C15(C0805_L)
Add component (AddParameter): Name = "BOM名称"; Value = "无极性贴片电容"; VariantName = "[No Variations]"
Add component (AddParameter): Name = "联系卖家，免费查找封装"; Value = "唯一出售店铺网址https://shop463601444.taobao.com"; VariantName = "[No Variations]"
Added Component: Designator=C16(C0805_L)
Add component (AddParameter): Name = "BOM名称"; Value = "无极性贴片电容"; VariantName = "[No Variations]"
Add component (AddParameter): Name = "联系卖家，免费查找封装"; Value = "唯一出售店铺网址https://shop463601444.taobao.com"; VariantName = "[No Variations]"
Added Component: Designator=C17(C0805_L)
Add component (AddParameter): Name = "BOM名称"; Value = "无极性贴片电容"; VariantName = "[No Variations]"
Add component (AddParameter): Name = "联系卖家，免费查找封装"; Value = "唯一出售店铺网址https://shop463601444.taobao.com"; VariantName = "[No Variations]"
Added Component: Designator=D1(SOD-123)
Add component (AddParameter): Name = "BOM名称"; Value = "整流二极管"; VariantName = "[No Variations]"
Add component (AddParameter): Name = "以赠品形式获赠本封装库的买家，还可联系卖家免费指导AD软件使用"; Value = "封装库来自淘宝卖家ID：黄晶宝石"; VariantName = "[No Variations]"
Added Component: Designator=D2(SOD-123)
Add component (AddParameter): Name = "BOM名称"; Value = "整流二极管"; VariantName = "[No Variations]"
Add component (AddParameter): Name = "以赠品形式获赠本封装库的买家，还可联系卖家免费指导AD软件使用"; Value = "封装库来自淘宝卖家ID：黄晶宝石"; VariantName = "[No Variations]"
Added Component: Designator=D3(SOD-123)
Add component (AddParameter): Name = "BOM名称"; Value = "整流二极管"; VariantName = "[No Variations]"
Add component (AddParameter): Name = "以赠品形式获赠本封装库的买家，还可联系卖家免费指导AD软件使用"; Value = "封装库来自淘宝卖家ID：黄晶宝石"; VariantName = "[No Variations]"
Added Component: Designator=JP1(HDR2.54-M-LS-2x20P)
Add component (AddParameter): Name = "BOM名称"; Value = "20*2P接插件"; VariantName = "[No Variations]"
Add component (AddParameter): Name = "封装库来自淘宝卖家ID:黄晶宝石"; Value = "其他店铺购入均为盗版假冒封装库，请立即申请退款，本店现金奖励20~200元"; VariantName = "[No Variations]"
Add component (AddParameter): Name = "联系卖家，免费查找封装"; Value = "唯一出售店铺网址https://shop463601444.taobao.com"; VariantName = "[No Variations]"
Added Component: Designator=JP2(XH2.54-LI-8P)
Add component (AddParameter): Name = "BOM名称"; Value = "8P接插件"; VariantName = "[No Variations]"
Add component (AddParameter): Name = "封装库来自淘宝卖家ID:黄晶宝石"; Value = "其他店铺购入均为盗版假冒封装库，请立即申请退款，本店现金奖励20~200元"; VariantName = "[No Variations]"
Add component (AddParameter): Name = "联系卖家，免费查找封装"; Value = "唯一出售店铺网址https://shop463601444.taobao.com"; VariantName = "[No Variations]"
Added Component: Designator=JP3(HDR2.54-LI-3P)
Add component (AddParameter): Name = "BOM名称"; Value = "3P接插件"; VariantName = "[No Variations]"
Add component (AddParameter): Name = "封装库来自淘宝卖家ID:黄晶宝石"; Value = "其他店铺购入均为盗版假冒封装库，请立即申请退款，本店现金奖励20~200元"; VariantName = "[No Variations]"
Add component (AddParameter): Name = "联系卖家，免费查找封装"; Value = "唯一出售店铺网址https://shop463601444.taobao.com"; VariantName = "[No Variations]"
Added Component: Designator=L1(L0805)
Add component (AddParameter): Name = "BOM名称"; Value = "小功率贴片电感"; VariantName = "[No Variations]"
Add component (AddParameter): Name = "联系卖家，免费查找封装"; Value = "唯一出售店铺网址https://shop463601444.taobao.com"; VariantName = "[No Variations]"
Added Component: Designator=Q1(SOT23-3M)
Add component (AddParameter): Name = "8元以下特价购入的买家"; Value = "还可以联系卖家远程指导AD软件使用"; VariantName = "[No Variations]"
Add component (AddParameter): Name = "BOM名称"; Value = "低噪放大-NPN型"; VariantName = "[No Variations]"
Add component (AddParameter): Name = "参数"; Value = "50V 0.1A 0.4W 150MHZ"; VariantName = "[No Variations]"
Added Component: Designator=Q2(SOT23-3N)
Add component (AddParameter): Name = "8元以下特价购入的买家"; Value = "还可以联系卖家远程指导AD软件使用"; VariantName = "[No Variations]"
Add component (AddParameter): Name = "BOM名称"; Value = "场效应管"; VariantName = "[No Variations]"
Add component (AddParameter): Name = "参数"; Value = "P沟道 30V/4.2A"; VariantName = "[No Variations]"
Added Component: Designator=Q3(SOT23-3M)
Add component (AddParameter): Name = "8元以下特价购入的买家"; Value = "还可以联系卖家远程指导AD软件使用"; VariantName = "[No Variations]"
Added Component: Designator=R1(R0805_L)
Add component (AddParameter): Name = "BOM名称"; Value = "贴片电阻"; VariantName = "[No Variations]"
Add component (AddParameter): Name = "联系卖家，免费查找封装"; Value = "唯一出售店铺网址https://shop463601444.taobao.com"; VariantName = "[No Variations]"
Added Component: Designator=R2(R0805_L)
Add component (AddParameter): Name = "BOM名称"; Value = "贴片电阻"; VariantName = "[No Variations]"
Add component (AddParameter): Name = "联系卖家，免费查找封装"; Value = "唯一出售店铺网址https://shop463601444.taobao.com"; VariantName = "[No Variations]"
Added Component: Designator=R3(R0805_L)
Add component (AddParameter): Name = "BOM名称"; Value = "贴片电阻"; VariantName = "[No Variations]"
Add component (AddParameter): Name = "联系卖家，免费查找封装"; Value = "唯一出售店铺网址https://shop463601444.taobao.com"; VariantName = "[No Variations]"
Added Component: Designator=R4(R0805_L)
Add component (AddParameter): Name = "BOM名称"; Value = "贴片电阻"; VariantName = "[No Variations]"
Add component (AddParameter): Name = "联系卖家，免费查找封装"; Value = "唯一出售店铺网址https://shop463601444.taobao.com"; VariantName = "[No Variations]"
Added Component: Designator=R5(R0805_L)
Add component (AddParameter): Name = "BOM名称"; Value = "贴片电阻"; VariantName = "[No Variations]"
Add component (AddParameter): Name = "联系卖家，免费查找封装"; Value = "唯一出售店铺网址https://shop463601444.taobao.com"; VariantName = "[No Variations]"
Added Component: Designator=R6(R0805_L)
Add component (AddParameter): Name = "BOM名称"; Value = "贴片电阻"; VariantName = "[No Variations]"
Add component (AddParameter): Name = "联系卖家，免费查找封装"; Value = "唯一出售店铺网址https://shop463601444.taobao.com"; VariantName = "[No Variations]"
Added Component: Designator=R7(R0805_L)
Add component (AddParameter): Name = "BOM名称"; Value = "贴片电阻"; VariantName = "[No Variations]"
Add component (AddParameter): Name = "联系卖家，免费查找封装"; Value = "唯一出售店铺网址https://shop463601444.taobao.com"; VariantName = "[No Variations]"
Added Component: Designator=R8(R0805_L)
Add component (AddParameter): Name = "BOM名称"; Value = "贴片电阻"; VariantName = "[No Variations]"
Add component (AddParameter): Name = "联系卖家，免费查找封装"; Value = "唯一出售店铺网址https://shop463601444.taobao.com"; VariantName = "[No Variations]"
Added Component: Designator=U1(RT9193-33)
Added Component: Designator=U2(TXS0108E)
Added Pin To Net: NetName=+3.3 Pin=C3-2
Added Pin To Net: NetName=+3.3 Pin=C4-2
Added Pin To Net: NetName=+3.3 Pin=C13-1
Added Pin To Net: NetName=+3.3 Pin=C16-1
Added Pin To Net: NetName=+3.3 Pin=JP3-1
Added Pin To Net: NetName=+3.3 Pin=L1-1
Added Pin To Net: NetName=+3.3 Pin=U1-5
Added Pin To Net: NetName=+3.3 Pin=U2-2
Added Pin To Net: NetName=+3.3 Pin=U2-10
Added Net: Name=+3.3
Added Pin To Net: NetName=BS Pin=JP3-2
Added Net: Name=BS
Added Pin To Net: NetName=BUSY Pin=JP2-1
Added Pin To Net: NetName=BUSY Pin=U2-13
Added Net: Name=BUSY
Added Pin To Net: NetName=CLK Pin=JP2-5
Added Pin To Net: NetName=CLK Pin=U2-17
Added Net: Name=CLK
Added Pin To Net: NetName=CS Pin=JP2-4
Added Pin To Net: NetName=CS Pin=U2-16
Added Net: Name=CS
Added Pin To Net: NetName=D/C Pin=JP2-3
Added Pin To Net: NetName=D/C Pin=U2-15
Added Net: Name=D/C
Added Pin To Net: NetName=DIN Pin=JP2-6
Added Pin To Net: NetName=DIN Pin=U2-18
Added Net: Name=DIN
Added Pin To Net: NetName=GDR Pin=Q1-1
Added Pin To Net: NetName=GDR Pin=R2-2
Added Net: Name=GDR
Added Pin To Net: NetName=GND Pin=C1-1
Added Pin To Net: NetName=GND Pin=C2-1
Added Pin To Net: NetName=GND Pin=C3-1
Added Pin To Net: NetName=GND Pin=C4-1
Added Pin To Net: NetName=GND Pin=C5-1
Added Pin To Net: NetName=GND Pin=C6-1
Added Pin To Net: NetName=GND Pin=C8-1
Added Pin To Net: NetName=GND Pin=C9-1
Added Pin To Net: NetName=GND Pin=C10-1
Added Pin To Net: NetName=GND Pin=C11-1
Added Pin To Net: NetName=GND Pin=C12-1
Added Pin To Net: NetName=GND Pin=C13-2
Added Pin To Net: NetName=GND Pin=C14-2
Added Pin To Net: NetName=GND Pin=C15-2
Added Pin To Net: NetName=GND Pin=C16-2
Added Pin To Net: NetName=GND Pin=C17-2
Added Pin To Net: NetName=GND Pin=D1-2
Added Pin To Net: NetName=GND Pin=JP1-6
Added Pin To Net: NetName=GND Pin=JP1-9
Added Pin To Net: NetName=GND Pin=JP1-14
Added Pin To Net: NetName=GND Pin=JP1-20
Added Pin To Net: NetName=GND Pin=JP1-25
Added Pin To Net: NetName=GND Pin=JP1-30
Added Pin To Net: NetName=GND Pin=JP1-34
Added Pin To Net: NetName=GND Pin=JP1-39
Added Pin To Net: NetName=GND Pin=JP2-7
Added Pin To Net: NetName=GND Pin=JP3-3
Added Pin To Net: NetName=GND Pin=Q3-2
Added Pin To Net: NetName=GND Pin=R1-2
Added Pin To Net: NetName=GND Pin=R2-1
Added Pin To Net: NetName=GND Pin=R4-1
Added Pin To Net: NetName=GND Pin=R7-2
Added Pin To Net: NetName=GND Pin=R8-2
Added Pin To Net: NetName=GND Pin=U1-2
Added Pin To Net: NetName=GND Pin=U2-11
Added Net: Name=GND
Added Pin To Net: NetName=ID SC Pin=JP1-28
Added Net: Name=ID SC
Added Pin To Net: NetName=ID SD Pin=JP1-27
Added Net: Name=ID SD
Added Pin To Net: NetName=NetC1_2 Pin=C1-2
Added Net: Name=NetC1_2
Added Pin To Net: NetName=NetC2_2 Pin=C2-2
Added Net: Name=NetC2_2
Added Pin To Net: NetName=NetC5_2 Pin=C5-2
Added Net: Name=NetC5_2
Added Pin To Net: NetName=NetC6_2 Pin=C6-2
Added Net: Name=NetC6_2
Added Pin To Net: NetName=NetC7_1 Pin=C7-1
Added Pin To Net: NetName=NetC7_1 Pin=D1-1
Added Pin To Net: NetName=NetC7_1 Pin=D2-2
Added Net: Name=NetC7_1
Added Pin To Net: NetName=NetC7_2 Pin=C7-2
Added Pin To Net: NetName=NetC7_2 Pin=D3-1
Added Pin To Net: NetName=NetC7_2 Pin=L1-2
Added Pin To Net: NetName=NetC7_2 Pin=Q1-3
Added Net: Name=NetC7_2
Added Pin To Net: NetName=NetC8_2 Pin=C8-2
Added Net: Name=NetC8_2
Added Pin To Net: NetName=NetC10_2 Pin=C10-2
Added Net: Name=NetC10_2
Added Pin To Net: NetName=NetC12_2 Pin=C12-2
Added Net: Name=NetC12_2
Added Pin To Net: NetName=NetC17_1 Pin=C17-1
Added Pin To Net: NetName=NetC17_1 Pin=U1-4
Added Net: Name=NetC17_1
Added Pin To Net: NetName=NetQ2_1 Pin=Q2-1
Added Pin To Net: NetName=NetQ2_1 Pin=Q3-3
Added Pin To Net: NetName=NetQ2_1 Pin=R3-2
Added Net: Name=NetQ2_1
Added Pin To Net: NetName=NetQ3_1 Pin=Q3-1
Added Pin To Net: NetName=NetQ3_1 Pin=R5-2
Added Pin To Net: NetName=NetQ3_1 Pin=R7-1
Added Net: Name=NetQ3_1
Added Pin To Net: NetName=P 3V3 Pin=JP1-1
Added Pin To Net: NetName=P 3V3 Pin=JP1-17
Added Net: Name=P 3V3
Added Pin To Net: NetName=P4 Pin=JP1-7
Added Net: Name=P4
Added Pin To Net: NetName=P5 Pin=JP1-29
Added Net: Name=P5
Added Pin To Net: NetName=P6 Pin=JP1-31
Added Net: Name=P6
Added Pin To Net: NetName=P12 Pin=JP1-32
Added Net: Name=P12
Added Pin To Net: NetName=P13 Pin=JP1-33
Added Net: Name=P13
Added Pin To Net: NetName=P16 Pin=JP1-36
Added Net: Name=P16
Added Pin To Net: NetName=P17 Pin=JP1-11
Added Pin To Net: NetName=P17 Pin=U2-7
Added Net: Name=P17
Added Pin To Net: NetName=P18 Pin=JP1-12
Added Net: Name=P18
Added Pin To Net: NetName=P19 Pin=JP1-35
Added Net: Name=P19
Added Pin To Net: NetName=P20 Pin=JP1-38
Added Net: Name=P20
Added Pin To Net: NetName=P21 Pin=JP1-40
Added Net: Name=P21
Added Pin To Net: NetName=P22 Pin=JP1-15
Added Net: Name=P22
Added Pin To Net: NetName=P23 Pin=JP1-16
Added Net: Name=P23
Added Pin To Net: NetName=P24 Pin=JP1-18
Added Pin To Net: NetName=P24 Pin=U2-8
Added Net: Name=P24
Added Pin To Net: NetName=P25 Pin=JP1-22
Added Pin To Net: NetName=P25 Pin=U2-6
Added Net: Name=P25
Added Pin To Net: NetName=P26 Pin=JP1-37
Added Net: Name=P26
Added Pin To Net: NetName=P27 Pin=JP1-13
Added Net: Name=P27
Added Pin To Net: NetName=P CEI Pin=JP1-26
Added Net: Name=P CEI
Added Pin To Net: NetName=P CEO Pin=JP1-24
Added Pin To Net: NetName=P CEO Pin=U2-5
Added Net: Name=P CEO
Added Pin To Net: NetName=P MISO Pin=JP1-21
Added Net: Name=P MISO
Added Pin To Net: NetName=P MOSI Pin=JP1-19
Added Pin To Net: NetName=P MOSI Pin=U2-3
Added Net: Name=P MOSI
Added Pin To Net: NetName=PREVGH Pin=C9-2
Added Pin To Net: NetName=PREVGH Pin=D3-2
Added Net: Name=PREVGH
Added Pin To Net: NetName=PREVGL Pin=C11-2
Added Pin To Net: NetName=PREVGL Pin=D2-1
Added Net: Name=PREVGL
Added Pin To Net: NetName=P RX Pin=JP1-10
Added Net: Name=P RX
Added Pin To Net: NetName=P SCK Pin=JP1-23
Added Pin To Net: NetName=P SCK Pin=U2-4
Added Net: Name=P SCK
Added Pin To Net: NetName=P SCL Pin=JP1-5
Added Net: Name=P SCL
Added Pin To Net: NetName=P SDA Pin=JP1-3
Added Net: Name=P SDA
Added Pin To Net: NetName=P TX Pin=JP1-8
Added Net: Name=P TX
Added Pin To Net: NetName=RESE Pin=Q1-2
Added Pin To Net: NetName=RESE Pin=R1-1
Added Net: Name=RESE
Added Pin To Net: NetName=RPI 5V Pin=JP1-2
Added Pin To Net: NetName=RPI 5V Pin=JP1-4
Added Net: Name=RPI 5V
Added Pin To Net: NetName=RST Pin=JP2-2
Added Pin To Net: NetName=RST Pin=R5-1
Added Pin To Net: NetName=RST Pin=R6-1
Added Pin To Net: NetName=RST Pin=U2-14
Added Net: Name=RST
Added Pin To Net: NetName=VCC_EN Pin=R4-2
Added Pin To Net: NetName=VCC_EN Pin=R6-2
Added Pin To Net: NetName=VCC_EN Pin=R8-1
Added Pin To Net: NetName=VCC_EN Pin=U1-3
Added Net: Name=VCC_EN
Added Pin To Net: NetName=VCC_INT Pin=JP2-8
Added Pin To Net: NetName=VCC_INT Pin=Q2-2
Added Pin To Net: NetName=VCC_INT Pin=R3-1
Added Net: Name=VCC_INT
Added Pin To Net: NetName=VCC Pin=C14-1
Added Pin To Net: NetName=VCC Pin=C15-1
Added Pin To Net: NetName=VCC Pin=Q2-3
Added Pin To Net: NetName=VCC Pin=U1-1
Added Pin To Net: NetName=VCC Pin=U2-19
Added Net: Name=VCC
Added Class: Name=Sheet1
Added Room: Name=Sheet1
